<?xml version="1.0" encoding="UTF-8"?>
<testsuite xmlns:xsi="http://www.w3.org/2001/XMLSchema-instance" xsi:schemaLocation="https://maven.apache.org/surefire/maven-surefire-plugin/xsd/surefire-test-report.xsd" name="org.apache.log4j.config.Log4j1ConfigurationConverterSparkTest" time="26.729" tests="20" errors="0" skipped="0" failures="0">
  <properties>
    <property name="java.runtime.name" value="Java(TM) SE Runtime Environment"/>
    <property name="sun.boot.library.path" value="C:\Program Files\Java\jdk1.8.0_65\jre\bin"/>
    <property name="java.vm.version" value="25.65-b01"/>
    <property name="java.vm.vendor" value="Oracle Corporation"/>
    <property name="maven.multiModuleProjectDirectory" value="E:\github\DATE-Benchmark\DATE-Benchmark\tool-implementation\JBenchPlatform"/>
    <property name="java.vendor.url" value="http://java.oracle.com/"/>
    <property name="path.separator" value=";"/>
    <property name="guice.disable.misplaced.annotation.check" value="true"/>
    <property name="java.vm.name" value="Java HotSpot(TM) 64-Bit Server VM"/>
    <property name="file.encoding.pkg" value="sun.io"/>
    <property name="user.script" value=""/>
    <property name="user.country" value="CN"/>
    <property name="sun.java.launcher" value="SUN_STANDARD"/>
    <property name="sun.os.patch.level" value=""/>
    <property name="java.vm.specification.name" value="Java Virtual Machine Specification"/>
    <property name="user.dir" value="E:\github\DATE-Benchmark\DATE-Benchmark\tool-implementation\JBenchPlatform"/>
    <property name="java.runtime.version" value="1.8.0_65-b17"/>
    <property name="java.awt.graphicsenv" value="sun.awt.Win32GraphicsEnvironment"/>
    <property name="java.endorsed.dirs" value="C:\Program Files\Java\jdk1.8.0_65\jre\lib\endorsed"/>
    <property name="os.arch" value="amd64"/>
    <property name="java.io.tmpdir" value="C:\Users\13477\AppData\Local\Temp\"/>
    <property name="line.separator" value="&#10;"/>
    <property name="java.vm.specification.vendor" value="Oracle Corporation"/>
    <property name="user.variant" value=""/>
    <property name="os.name" value="Windows 10"/>
    <property name="classworlds.conf" value="D:\Program Files\apache-maven-3.3.9\bin\m2.conf"/>
    <property name="sun.jnu.encoding" value="GBK"/>
    <property name="java.library.path" value="C:\Program Files\Java\jdk1.8.0_65\bin;C:\WINDOWS\Sun\Java\bin;C:\WINDOWS\system32;C:\WINDOWS;C:/Program Files/Java/jdk1.8.0_65/bin/../jre/bin/server;C:/Program Files/Java/jdk1.8.0_65/bin/../jre/bin;C:/Program Files/Java/jdk1.8.0_65/bin/../jre/lib/amd64;C:\Program Files\Microsoft MPI\Bin\;C:\ProgramData\Oracle\Java\javapath;C:\WINDOWS\system32;C:\WINDOWS;C:\WINDOWS\System32\Wbem;C:\WINDOWS\System32\WindowsPowerShell\v1.0\;C:\Program Files\Java\jdk1.8.0_65\bin;C:\Program Files\Java\jdk1.8.0_65\jre\bin;C:\RV-Predict\bin;E:\apache-ant-1.9.6\bin;D:\Program Files\apache-maven-3.3.9\bin;C:\Program Files\Microsoft SQL Server\130\Tools\Binn\;E:\CTEX\UserData\miktex\bin;E:\CTEX\MiKTeX\miktex\bin;E:\CTEX\CTeX\ctex\bin;E:\CTEX\CTeX\cct\bin;E:\CTEX\CTeX\ty\bin;E:\CTEX\Ghostscript\gs9.05\bin;E:\CTEX\GSview\gsview;E:\CTEX\WinEdt;C:\Users\13477\.dnx\bin;C:\Program Files\Microsoft DNX\Dnvm\;C:\Program Files (x86)\Windows Kits\8.1\Windows Performance Toolkit\;C:\Users\13477\AppData\Local\Microsoft\WindowsApps;;E:\eclipse mars;;."/>
    <property name="java.specification.name" value="Java Platform API Specification"/>
    <property name="java.class.version" value="52.0"/>
    <property name="sun.management.compiler" value="HotSpot 64-Bit Tiered Compilers"/>
    <property name="os.version" value="10.0"/>
    <property name="user.home" value="C:\Users\13477"/>
    <property name="user.timezone" value="Asia/Shanghai"/>
    <property name="java.awt.printerjob" value="sun.awt.windows.WPrinterJob"/>
    <property name="java.specification.version" value="1.8"/>
    <property name="file.encoding" value="GBK"/>
    <property name="user.name" value="jiangao"/>
    <property name="java.class.path" value="D:\Program Files\apache-maven-3.3.9\boot\plexus-classworlds-2.5.2.jar"/>
    <property name="java.vm.specification.version" value="1.8"/>
    <property name="sun.arch.data.model" value="64"/>
    <property name="java.home" value="C:\Program Files\Java\jdk1.8.0_65\jre"/>
    <property name="sun.java.command" value="org.codehaus.plexus.classworlds.launcher.Launcher -f E:\log4j\apache-log4j-2.8.1-src\pom.xml test"/>
    <property name="java.specification.vendor" value="Oracle Corporation"/>
    <property name="user.language" value="zh"/>
    <property name="awt.toolkit" value="sun.awt.windows.WToolkit"/>
    <property name="java.vm.info" value="mixed mode"/>
    <property name="java.version" value="1.8.0_65"/>
    <property name="java.ext.dirs" value="C:\Program Files\Java\jdk1.8.0_65\jre\lib\ext;C:\WINDOWS\Sun\Java\lib\ext"/>
    <property name="sun.boot.class.path" value="C:\Program Files\Java\jdk1.8.0_65\jre\lib\resources.jar;C:\Program Files\Java\jdk1.8.0_65\jre\lib\rt.jar;C:\Program Files\Java\jdk1.8.0_65\jre\lib\sunrsasign.jar;C:\Program Files\Java\jdk1.8.0_65\jre\lib\jsse.jar;C:\Program Files\Java\jdk1.8.0_65\jre\lib\jce.jar;C:\Program Files\Java\jdk1.8.0_65\jre\lib\charsets.jar;C:\Program Files\Java\jdk1.8.0_65\jre\lib\jfr.jar;C:\Program Files\Java\jdk1.8.0_65\jre\classes"/>
    <property name="java.vendor" value="Oracle Corporation"/>
    <property name="maven.home" value="D:\Program Files\apache-maven-3.3.9"/>
    <property name="file.separator" value="\"/>
    <property name="java.vendor.url.bug" value="http://bugreport.sun.com/bugreport/"/>
    <property name="sun.cpu.endian" value="little"/>
    <property name="sun.io.unicode.encoding" value="UnicodeLittle"/>
    <property name="sun.desktop" value="windows"/>
    <property name="sun.cpu.isalist" value="amd64"/>
  </properties>
  <testcase name="test[E:\log4j\apache-log4j-2.8.1-src\log4j-1.2-api\src\test\resources\config-1.2\spark\common\network-common\src\test\resources\log4j.properties]" classname="org.apache.log4j.config.Log4j1ConfigurationConverterSparkTest" time="10.868"/>
  <testcase name="test[E:\log4j\apache-log4j-2.8.1-src\log4j-1.2-api\src\test\resources\config-1.2\spark\common\network-shuffle\src\test\resources\log4j.properties]" classname="org.apache.log4j.config.Log4j1ConfigurationConverterSparkTest" time="0.412"/>
  <testcase name="test[E:\log4j\apache-log4j-2.8.1-src\log4j-1.2-api\src\test\resources\config-1.2\spark\core\src\test\resources\log4j.properties]" classname="org.apache.log4j.config.Log4j1ConfigurationConverterSparkTest" time="1.817"/>
  <testcase name="test[E:\log4j\apache-log4j-2.8.1-src\log4j-1.2-api\src\test\resources\config-1.2\spark\external\flume\src\test\resources\log4j.properties]" classname="org.apache.log4j.config.Log4j1ConfigurationConverterSparkTest" time="0.193"/>
  <testcase name="test[E:\log4j\apache-log4j-2.8.1-src\log4j-1.2-api\src\test\resources\config-1.2\spark\external\flume-sink\src\test\resources\log4j.properties]" classname="org.apache.log4j.config.Log4j1ConfigurationConverterSparkTest" time="0.024"/>
  <testcase name="test[E:\log4j\apache-log4j-2.8.1-src\log4j-1.2-api\src\test\resources\config-1.2\spark\external\java8-tests\src\test\resources\log4j.properties]" classname="org.apache.log4j.config.Log4j1ConfigurationConverterSparkTest" time="0.187"/>
  <testcase name="test[E:\log4j\apache-log4j-2.8.1-src\log4j-1.2-api\src\test\resources\config-1.2\spark\external\kafka-0-10\src\test\resources\log4j.properties]" classname="org.apache.log4j.config.Log4j1ConfigurationConverterSparkTest" time="0.592"/>
  <testcase name="test[E:\log4j\apache-log4j-2.8.1-src\log4j-1.2-api\src\test\resources\config-1.2\spark\external\kafka-0-8\src\test\resources\log4j.properties]" classname="org.apache.log4j.config.Log4j1ConfigurationConverterSparkTest" time="0.127"/>
  <testcase name="test[E:\log4j\apache-log4j-2.8.1-src\log4j-1.2-api\src\test\resources\config-1.2\spark\external\kinesis-asl\src\main\resources\log4j.properties]" classname="org.apache.log4j.config.Log4j1ConfigurationConverterSparkTest" time="2.388"/>
  <testcase name="test[E:\log4j\apache-log4j-2.8.1-src\log4j-1.2-api\src\test\resources\config-1.2\spark\external\kinesis-asl\src\test\resources\log4j.properties]" classname="org.apache.log4j.config.Log4j1ConfigurationConverterSparkTest" time="0.961"/>
  <testcase name="test[E:\log4j\apache-log4j-2.8.1-src\log4j-1.2-api\src\test\resources\config-1.2\spark\graphx\src\test\resources\log4j.properties]" classname="org.apache.log4j.config.Log4j1ConfigurationConverterSparkTest" time="0.318"/>
  <testcase name="test[E:\log4j\apache-log4j-2.8.1-src\log4j-1.2-api\src\test\resources\config-1.2\spark\launcher\src\test\resources\log4j.properties]" classname="org.apache.log4j.config.Log4j1ConfigurationConverterSparkTest" time="0.462"/>
  <testcase name="test[E:\log4j\apache-log4j-2.8.1-src\log4j-1.2-api\src\test\resources\config-1.2\spark\mllib\src\test\resources\log4j.properties]" classname="org.apache.log4j.config.Log4j1ConfigurationConverterSparkTest" time="0.197"/>
  <testcase name="test[E:\log4j\apache-log4j-2.8.1-src\log4j-1.2-api\src\test\resources\config-1.2\spark\R\log4j.properties]" classname="org.apache.log4j.config.Log4j1ConfigurationConverterSparkTest" time="0.357"/>
  <testcase name="test[E:\log4j\apache-log4j-2.8.1-src\log4j-1.2-api\src\test\resources\config-1.2\spark\repl\src\test\resources\log4j.properties]" classname="org.apache.log4j.config.Log4j1ConfigurationConverterSparkTest" time="0.182"/>
  <testcase name="test[E:\log4j\apache-log4j-2.8.1-src\log4j-1.2-api\src\test\resources\config-1.2\spark\sql\catalyst\src\test\resources\log4j.properties]" classname="org.apache.log4j.config.Log4j1ConfigurationConverterSparkTest" time="0.094"/>
  <testcase name="test[E:\log4j\apache-log4j-2.8.1-src\log4j-1.2-api\src\test\resources\config-1.2\spark\sql\core\src\test\resources\log4j.properties]" classname="org.apache.log4j.config.Log4j1ConfigurationConverterSparkTest" time="0.42"/>
  <testcase name="test[E:\log4j\apache-log4j-2.8.1-src\log4j-1.2-api\src\test\resources\config-1.2\spark\sql\hive\src\test\resources\log4j.properties]" classname="org.apache.log4j.config.Log4j1ConfigurationConverterSparkTest" time="0.671"/>
  <testcase name="test[E:\log4j\apache-log4j-2.8.1-src\log4j-1.2-api\src\test\resources\config-1.2\spark\streaming\src\test\resources\log4j.properties]" classname="org.apache.log4j.config.Log4j1ConfigurationConverterSparkTest" time="0.322"/>
  <testcase name="test[E:\log4j\apache-log4j-2.8.1-src\log4j-1.2-api\src\test\resources\config-1.2\spark\yarn\src\test\resources\log4j.properties]" classname="org.apache.log4j.config.Log4j1ConfigurationConverterSparkTest" time="1.518"/>
</testsuite>